<?xml version="1.0" encoding="UTF-8"?>
<!-- Generated by org.testng.reporters.JUnitXMLReporter -->
<testsuite hostname="MacBook-Pro.local" name="Regression Test" tests="1" failures="0" timestamp="17 Jul 2019 14:30:07 GMT" time="0.233" errors="0">
  <testcase name="@BeforeClass setUpClass" time="0.0" classname="com.cucumberFramework.testRunner.SurveyTest">
    <failure type="cucumber.runtime.CucumberException" message="java.util.regex.PatternSyntaxException: Illegal/unsupported escape sequence near index 43
^i navigate to the chef dashboard homepage\login page$
                                           ^">
      <![CDATA[cucumber.runtime.CucumberException: java.util.regex.PatternSyntaxException: Illegal/unsupported escape sequence near index 43
^i navigate to the chef dashboard homepage\login page$
                                           ^
	at cucumber.runtime.java.JavaBackend.addStepDefinition(JavaBackend.java:156)
	at cucumber.runtime.java.MethodScanner.scan(MethodScanner.java:68)
	at cucumber.runtime.java.MethodScanner.scan(MethodScanner.java:41)
	at cucumber.runtime.java.JavaBackend.loadGlue(JavaBackend.java:86)
	at cucumber.runtime.Runtime.<init>(Runtime.java:92)
	at cucumber.runtime.Runtime.<init>(Runtime.java:70)
	at cucumber.runtime.Runtime.<init>(Runtime.java:66)
	at cucumber.api.testng.TestNGCucumberRunner.<init>(TestNGCucumberRunner.java:42)
	at com.cucumberFramework.testRunner.SurveyTest.setUpClass(SurveyTest.java:21)
Caused by: java.util.regex.PatternSyntaxException: Illegal/unsupported escape sequence near index 43
^i navigate to the chef dashboard homepage\login page$
                                           ^
	at java.util.regex.Pattern.error(Pattern.java:1957)
	at java.util.regex.Pattern.escape(Pattern.java:2473)
	at java.util.regex.Pattern.atom(Pattern.java:2200)
	at java.util.regex.Pattern.sequence(Pattern.java:2132)
	at java.util.regex.Pattern.expr(Pattern.java:1998)
	at java.util.regex.Pattern.compile(Pattern.java:1698)
	at java.util.regex.Pattern.<init>(Pattern.java:1351)
	at java.util.regex.Pattern.compile(Pattern.java:1028)
	at cucumber.runtime.java.JavaBackend.pattern(JavaBackend.java:203)
	at cucumber.runtime.java.JavaBackend.addStepDefinition(JavaBackend.java:151)
	... 32 more
... Removed 24 stack frames]]>
    </failure>
  </testcase> <!-- @BeforeClass setUpClass -->
  <testcase name="@AfterClass testDownClass" time="0.0" classname="com.cucumberFramework.testRunner.SurveyTest">
    <failure type="java.lang.NullPointerException">
      <![CDATA[java.lang.NullPointerException
	at com.cucumberFramework.testRunner.SurveyTest.testDownClass(SurveyTest.java:37)
... Removed 24 stack frames]]>
    </failure>
  </testcase> <!-- @AfterClass testDownClass -->
  <testcase name="feature" time="0.0" classname="com.cucumberFramework.testRunner.SurveyTest">
    <skipped/>
  </testcase> <!-- feature -->
</testsuite> <!-- Regression Test -->
